Using pre-set license
Built from '2020.3/staging' branch; Version is '2020.3.11f1 (99c7afb366b3) revision 10078127'; Using compiler version '192528614'; Build Type 'Release'
OS: 'Windows 10 Home Single Language; OS build 19042.1052; Version 2009; 64bit' Language: 'es' Physical Memory: 16145 MB
BatchMode: 1, IsHumanControllingUs: 0, StartBugReporterOnCrash: 0, Is64bit: 1, IsPro: 0

 COMMAND LINE ARGUMENTS:
C:\Program Files\Unity\2020.3.11f1\Editor\Unity.exe
-adb2
-batchMode
-noUpm
-name
AssetImportWorker0
-projectPath
C:/Users/amigo/OneDrive/Escritorio/programas/unity/mega-espacio
-logFile
Logs/AssetImportWorker0.log
-srvPort
55781
Successfully changed project path to: C:/Users/amigo/OneDrive/Escritorio/programas/unity/mega-espacio
C:/Users/amigo/OneDrive/Escritorio/programas/unity/mega-espacio
Using Asset Import Pipeline V2.
Refreshing native plugins compatible for Editor in 41.44 ms, found 3 plugins.
Preloading 0 native plugins for Editor in 0.00 ms.
Initialize engine version: 2020.3.11f1 (99c7afb366b3)
[Subsystems] Discovering subsystems at path C:/Program Files/Unity/2020.3.11f1/Editor/Data/Resources/UnitySubsystems
[Subsystems] Discovering subsystems at path C:/Users/amigo/OneDrive/Escritorio/programas/unity/mega-espacio/Assets
GfxDevice: creating device client; threaded=0
Direct3D:
    Version:  Direct3D 11.0 [level 11.1]
    Renderer: NVIDIA GeForce GTX 1660 Ti (ID=0x2191)
    Vendor:   
    VRAM:     5991 MB
    Driver:   27.21.14.5206
Initialize mono
Mono path[0] = 'C:/Program Files/Unity/2020.3.11f1/Editor/Data/Managed'
Mono path[1] = 'C:/Program Files/Unity/2020.3.11f1/Editor/Data/MonoBleedingEdge/lib/mono/unityjit'
Mono config path = 'C:/Program Files/Unity/2020.3.11f1/Editor/Data/MonoBleedingEdge/etc'
Using monoOptions --debugger-agent=transport=dt_socket,embedding=1,server=y,suspend=n,address=127.0.0.1:56992
Begin MonoManager ReloadAssembly
Registering precompiled unity dll's ...
Register platform support module: C:/Program Files/Unity/2020.3.11f1/Editor/Data/PlaybackEngines/WebGLSupport/UnityEditor.WebGL.Extensions.dll
Register platform support module: C:/Program Files/Unity/2020.3.11f1/Editor/Data/PlaybackEngines/WindowsStandaloneSupport/UnityEditor.WindowsStandalone.Extensions.dll
Registered in 0.003474 seconds.
Native extension for WindowsStandalone target not found
Native extension for WebGL target not found
Refreshing native plugins compatible for Editor in 37.16 ms, found 3 plugins.
Preloading 0 native plugins for Editor in 0.00 ms.
Mono: successfully reloaded assembly
- Completed reload, in  2.423 seconds
Platform modules already initialized, skipping
Registering precompiled user dll's ...
Registered in 0.005047 seconds.
Begin MonoManager ReloadAssembly
Native extension for WindowsStandalone target not found
Native extension for WebGL target not found
Refreshing native plugins compatible for Editor in 41.38 ms, found 3 plugins.
Preloading 0 native plugins for Editor in 0.00 ms.
Mono: successfully reloaded assembly
- Completed reload, in  1.027 seconds
Platform modules already initialized, skipping
========================================================================
Worker process is ready to serve import requests
Launched and connected shader compiler UnityShaderCompiler.exe after 0.05 seconds
Refreshing native plugins compatible for Editor in 0.41 ms, found 3 plugins.
Preloading 0 native plugins for Editor in 0.00 ms.
Unloading 2082 Unused Serialized files (Serialized files now loaded: 0)
System memory in use before: 92.9 MB.
System memory in use after: 92.9 MB.

Unloading 33 unused Assets to reduce memory usage. Loaded Objects now: 2516.
Total: 2.570100 ms (FindLiveObjects: 0.273400 ms CreateObjectMapping: 0.152700 ms MarkObjects: 2.026500 ms  DeleteObjects: 0.116000 ms)

========================================================================
Received Import Request.
  path: Assets/prefabs/Destructor.prefab
  artifactKey: Guid(9a12ef147b8028a4f9be387aa436ab85) Importer(815301076,1909f56bfc062723c751e8b465ee728b)
Start importing Assets/prefabs/Destructor.prefab using Guid(9a12ef147b8028a4f9be387aa436ab85) Importer(815301076,1909f56bfc062723c751e8b465ee728b)  -> (artifact id: '45fc34993ec806b983146428aa87e72e') in 0.046613 seconds
  Import took 0.049586 seconds .

========================================================================
Received Import Request.
  Time since last request: 146.285139 seconds.
  path: Assets/programas/destructor.cs
  artifactKey: Guid(7c33581bc8dd08f4e9dc313af66ea480) Importer(815301076,1909f56bfc062723c751e8b465ee728b)
Start importing Assets/programas/destructor.cs using Guid(7c33581bc8dd08f4e9dc313af66ea480) Importer(815301076,1909f56bfc062723c751e8b465ee728b)  -> (artifact id: 'e991c70739a3ff0849c140b57ff19a04') in 0.008747 seconds
  Import took 0.012037 seconds .

========================================================================
Received Import Request.
  Time since last request: 0.001646 seconds.
  path: Assets/programas/destructor.cs
  artifactKey: Guid(7c33581bc8dd08f4e9dc313af66ea480) Importer(815301076,1909f56bfc062723c751e8b465ee728b)
Start importing Assets/programas/destructor.cs using Guid(7c33581bc8dd08f4e9dc313af66ea480) Importer(815301076,1909f56bfc062723c751e8b465ee728b)  -> (artifact id: 'e991c70739a3ff0849c140b57ff19a04') in 0.002176 seconds
  Import took 0.005202 seconds .

========================================================================
Received Import Request.
  Time since last request: 7.975912 seconds.
  path: Assets/programas/destructorLaser.cs
  artifactKey: Guid(7c33581bc8dd08f4e9dc313af66ea480) Importer(815301076,1909f56bfc062723c751e8b465ee728b)
Start importing Assets/programas/destructorLaser.cs using Guid(7c33581bc8dd08f4e9dc313af66ea480) Importer(815301076,1909f56bfc062723c751e8b465ee728b)  -> (artifact id: '62869570bd116653503e03770d1fd090') in 0.003056 seconds
  Import took 0.006389 seconds .

========================================================================
Received Prepare
Registering precompiled user dll's ...
Registered in 0.004608 seconds.
Begin MonoManager ReloadAssembly
Native extension for WindowsStandalone target not found
Native extension for WebGL target not found
Refreshing native plugins compatible for Editor in 0.40 ms, found 3 plugins.
Preloading 0 native plugins for Editor in 0.00 ms.
Mono: successfully reloaded assembly
- Completed reload, in  0.893 seconds
Platform modules already initialized, skipping
Refreshing native plugins compatible for Editor in 0.40 ms, found 3 plugins.
Preloading 0 native plugins for Editor in 0.00 ms.
Unloading 2078 Unused Serialized files (Serialized files now loaded: 0)
System memory in use before: 92.9 MB.
System memory in use after: 92.9 MB.

Unloading 21 unused Assets to reduce memory usage. Loaded Objects now: 2521.
Total: 1.922800 ms (FindLiveObjects: 0.221600 ms CreateObjectMapping: 0.086300 ms MarkObjects: 1.475600 ms  DeleteObjects: 0.138500 ms)

========================================================================
Received Prepare
Registering precompiled user dll's ...
Registered in 0.005370 seconds.
Begin MonoManager ReloadAssembly
Native extension for WindowsStandalone target not found
Native extension for WebGL target not found
Refreshing native plugins compatible for Editor in 0.48 ms, found 3 plugins.
Preloading 0 native plugins for Editor in 0.00 ms.
Mono: successfully reloaded assembly
- Completed reload, in  0.875 seconds
Platform modules already initialized, skipping
Refreshing native plugins compatible for Editor in 0.41 ms, found 3 plugins.
Preloading 0 native plugins for Editor in 0.00 ms.
Unloading 2078 Unused Serialized files (Serialized files now loaded: 0)
System memory in use before: 93.0 MB.
System memory in use after: 92.9 MB.

Unloading 21 unused Assets to reduce memory usage. Loaded Objects now: 2525.
Total: 1.901400 ms (FindLiveObjects: 0.163600 ms CreateObjectMapping: 0.073600 ms MarkObjects: 1.543600 ms  DeleteObjects: 0.119500 ms)

========================================================================
Received Prepare
Registering precompiled user dll's ...
Registered in 0.005311 seconds.
Begin MonoManager ReloadAssembly
Native extension for WindowsStandalone target not found
Native extension for WebGL target not found
Refreshing native plugins compatible for Editor in 0.43 ms, found 3 plugins.
Preloading 0 native plugins for Editor in 0.00 ms.
Mono: successfully reloaded assembly
- Completed reload, in  0.866 seconds
Platform modules already initialized, skipping
Refreshing native plugins compatible for Editor in 0.41 ms, found 3 plugins.
Preloading 0 native plugins for Editor in 0.00 ms.
Unloading 2078 Unused Serialized files (Serialized files now loaded: 0)
System memory in use before: 93.0 MB.
System memory in use after: 93.0 MB.

Unloading 21 unused Assets to reduce memory usage. Loaded Objects now: 2529.
Total: 3.678200 ms (FindLiveObjects: 1.303500 ms CreateObjectMapping: 0.263200 ms MarkObjects: 2.017200 ms  DeleteObjects: 0.093100 ms)

========================================================================
Received Prepare
Registering precompiled user dll's ...
Registered in 0.005030 seconds.
Begin MonoManager ReloadAssembly
Native extension for WindowsStandalone target not found
Native extension for WebGL target not found
Refreshing native plugins compatible for Editor in 0.44 ms, found 3 plugins.
Preloading 0 native plugins for Editor in 0.00 ms.
Mono: successfully reloaded assembly
- Completed reload, in  0.922 seconds
Platform modules already initialized, skipping
Refreshing native plugins compatible for Editor in 0.42 ms, found 3 plugins.
Preloading 0 native plugins for Editor in 0.00 ms.
Unloading 2078 Unused Serialized files (Serialized files now loaded: 0)
System memory in use before: 93.0 MB.
System memory in use after: 93.0 MB.

Unloading 21 unused Assets to reduce memory usage. Loaded Objects now: 2533.
Total: 2.237800 ms (FindLiveObjects: 0.185400 ms CreateObjectMapping: 0.067000 ms MarkObjects: 1.890900 ms  DeleteObjects: 0.093500 ms)

========================================================================
Received Prepare
Registering precompiled user dll's ...
Registered in 0.005116 seconds.
Begin MonoManager ReloadAssembly
Native extension for WindowsStandalone target not found
Native extension for WebGL target not found
Refreshing native plugins compatible for Editor in 0.42 ms, found 3 plugins.
Preloading 0 native plugins for Editor in 0.00 ms.
Mono: successfully reloaded assembly
- Completed reload, in  0.958 seconds
Platform modules already initialized, skipping
Refreshing native plugins compatible for Editor in 0.45 ms, found 3 plugins.
Preloading 0 native plugins for Editor in 0.00 ms.
Unloading 2079 Unused Serialized files (Serialized files now loaded: 0)
System memory in use before: 93.1 MB.
System memory in use after: 93.0 MB.

Unloading 21 unused Assets to reduce memory usage. Loaded Objects now: 2538.
Total: 2.252100 ms (FindLiveObjects: 0.260200 ms CreateObjectMapping: 0.102700 ms MarkObjects: 1.749400 ms  DeleteObjects: 0.139000 ms)

========================================================================
Received Import Request.
  Time since last request: 1340.183882 seconds.
  path: Assets/IAenemiga.cs
  artifactKey: Guid(eca63615f2cc45943afd3bf621f4056d) Importer(815301076,1909f56bfc062723c751e8b465ee728b)
Start importing Assets/IAenemiga.cs using Guid(eca63615f2cc45943afd3bf621f4056d) Importer(815301076,1909f56bfc062723c751e8b465ee728b)  -> (artifact id: 'd33952dc50b82c949eaa1ce5372983c5') in 0.004943 seconds
  Import took 0.008117 seconds .

========================================================================
Received Import Request.
  Time since last request: 0.000561 seconds.
  path: Assets/IAenemiga.cs
  artifactKey: Guid(eca63615f2cc45943afd3bf621f4056d) Importer(815301076,1909f56bfc062723c751e8b465ee728b)
Start importing Assets/IAenemiga.cs using Guid(eca63615f2cc45943afd3bf621f4056d) Importer(815301076,1909f56bfc062723c751e8b465ee728b)  -> (artifact id: 'd33952dc50b82c949eaa1ce5372983c5') in 0.002701 seconds
  Import took 0.005511 seconds .

========================================================================
Received Import Request.
  Time since last request: 0.628374 seconds.
  path: Assets/destructor.cs
  artifactKey: Guid(331469fdfe513074eaa8a7acf8ffa2e1) Importer(815301076,1909f56bfc062723c751e8b465ee728b)
Start importing Assets/destructor.cs using Guid(331469fdfe513074eaa8a7acf8ffa2e1) Importer(815301076,1909f56bfc062723c751e8b465ee728b)  -> (artifact id: '7778e81e5c8f65b25b8afae72c27c4f4') in 0.002305 seconds
  Import took 0.006541 seconds .

========================================================================
Received Import Request.
  Time since last request: 0.001216 seconds.
  path: Assets/destructor.cs
  artifactKey: Guid(331469fdfe513074eaa8a7acf8ffa2e1) Importer(815301076,1909f56bfc062723c751e8b465ee728b)
Start importing Assets/destructor.cs using Guid(331469fdfe513074eaa8a7acf8ffa2e1) Importer(815301076,1909f56bfc062723c751e8b465ee728b)  -> (artifact id: '7778e81e5c8f65b25b8afae72c27c4f4') in 0.002436 seconds
  Import took 0.005063 seconds .

========================================================================
Received Prepare
Registering precompiled user dll's ...
Registered in 0.005027 seconds.
Begin MonoManager ReloadAssembly
Native extension for WindowsStandalone target not found
Native extension for WebGL target not found
Refreshing native plugins compatible for Editor in 0.49 ms, found 3 plugins.
Preloading 0 native plugins for Editor in 0.00 ms.
Mono: successfully reloaded assembly
- Completed reload, in  0.924 seconds
Platform modules already initialized, skipping
Refreshing native plugins compatible for Editor in 0.42 ms, found 3 plugins.
Preloading 0 native plugins for Editor in 0.00 ms.
Unloading 2079 Unused Serialized files (Serialized files now loaded: 0)
System memory in use before: 93.1 MB.
System memory in use after: 93.1 MB.

Unloading 21 unused Assets to reduce memory usage. Loaded Objects now: 2542.
Total: 2.893000 ms (FindLiveObjects: 0.450600 ms CreateObjectMapping: 0.199800 ms MarkObjects: 2.103500 ms  DeleteObjects: 0.138100 ms)

========================================================================
Received Import Request.
  Time since last request: 6.101390 seconds.
  path: Assets/programas/movimiento.cs
  artifactKey: Guid(bf10cbc810f07014d944135f74071ee2) Importer(815301076,1909f56bfc062723c751e8b465ee728b)
Start importing Assets/programas/movimiento.cs using Guid(bf10cbc810f07014d944135f74071ee2) Importer(815301076,1909f56bfc062723c751e8b465ee728b)  -> (artifact id: '0087ddb80d4d13a7e7ac3b1e7c14d183') in 0.005251 seconds
  Import took 0.007950 seconds .

========================================================================
Received Import Request.
  Time since last request: 0.021692 seconds.
  path: Assets/programas/movimiento.cs
  artifactKey: Guid(bf10cbc810f07014d944135f74071ee2) Importer(815301076,1909f56bfc062723c751e8b465ee728b)
Start importing Assets/programas/movimiento.cs using Guid(bf10cbc810f07014d944135f74071ee2) Importer(815301076,1909f56bfc062723c751e8b465ee728b)  -> (artifact id: '0087ddb80d4d13a7e7ac3b1e7c14d183') in 0.003079 seconds
  Import took 0.006892 seconds .

========================================================================
Received Prepare
Registering precompiled user dll's ...
Registered in 0.005307 seconds.
Begin MonoManager ReloadAssembly
Native extension for WindowsStandalone target not found
Native extension for WebGL target not found
Refreshing native plugins compatible for Editor in 0.43 ms, found 3 plugins.
Preloading 0 native plugins for Editor in 0.00 ms.
Mono: successfully reloaded assembly
- Completed reload, in  0.951 seconds
Platform modules already initialized, skipping
Refreshing native plugins compatible for Editor in 0.47 ms, found 3 plugins.
Preloading 0 native plugins for Editor in 0.00 ms.
Unloading 2079 Unused Serialized files (Serialized files now loaded: 0)
System memory in use before: 93.1 MB.
System memory in use after: 93.1 MB.

Unloading 21 unused Assets to reduce memory usage. Loaded Objects now: 2546.
Total: 1.997200 ms (FindLiveObjects: 0.166100 ms CreateObjectMapping: 0.071100 ms MarkObjects: 1.618000 ms  DeleteObjects: 0.140900 ms)

========================================================================
Received Import Request.
  Time since last request: 47.437598 seconds.
  path: Assets/programas/IAenemiga.cs
  artifactKey: Guid(eca63615f2cc45943afd3bf621f4056d) Importer(815301076,1909f56bfc062723c751e8b465ee728b)
Start importing Assets/programas/IAenemiga.cs using Guid(eca63615f2cc45943afd3bf621f4056d) Importer(815301076,1909f56bfc062723c751e8b465ee728b)  -> (artifact id: '7cd0e06df21b3e29d9314ac2ba714f27') in 0.004896 seconds
  Import took 0.008225 seconds .

========================================================================
Received Import Request.
  Time since last request: 13.386363 seconds.
  path: Assets/Caminos
  artifactKey: Guid(87024c14b9927e34fad887db26da673d) Importer(815301076,1909f56bfc062723c751e8b465ee728b)
Start importing Assets/Caminos using Guid(87024c14b9927e34fad887db26da673d) Importer(815301076,1909f56bfc062723c751e8b465ee728b)  -> (artifact id: '36e4358a1bf41f4409fa3d50632520d7') in 0.003572 seconds
  Import took 0.008358 seconds .

========================================================================
Received Import Request.
  Time since last request: 0.000695 seconds.
  path: Assets/Caminos
  artifactKey: Guid(87024c14b9927e34fad887db26da673d) Importer(815301076,1909f56bfc062723c751e8b465ee728b)
Start importing Assets/Caminos using Guid(87024c14b9927e34fad887db26da673d) Importer(815301076,1909f56bfc062723c751e8b465ee728b)  -> (artifact id: '36e4358a1bf41f4409fa3d50632520d7') in 0.002684 seconds
  Import took 0.006144 seconds .

========================================================================
Received Import Request.
  Time since last request: 3.500931 seconds.
  path: Assets/Caminos/camino (0).prefab
  artifactKey: Guid(c399f81d3e32f9946a604069183a564f) Importer(815301076,1909f56bfc062723c751e8b465ee728b)
Start importing Assets/Caminos/camino (0).prefab using Guid(c399f81d3e32f9946a604069183a564f) Importer(815301076,1909f56bfc062723c751e8b465ee728b)  -> (artifact id: '68bad660111f9f5ba6c77409cbeead4e') in 0.020901 seconds
  Import took 0.024393 seconds .

========================================================================
Received Import Request.
  Time since last request: 0.004399 seconds.
  path: Assets/Caminos/camino (0).prefab
  artifactKey: Guid(c399f81d3e32f9946a604069183a564f) Importer(815301076,1909f56bfc062723c751e8b465ee728b)
Start importing Assets/Caminos/camino (0).prefab using Guid(c399f81d3e32f9946a604069183a564f) Importer(815301076,1909f56bfc062723c751e8b465ee728b)  -> (artifact id: '68bad660111f9f5ba6c77409cbeead4e') in 0.003738 seconds
  Import took 0.006784 seconds .

========================================================================
Received Import Request.
  Time since last request: 12.752766 seconds.
  path: Assets/prefabs/Destructor.prefab
  artifactKey: Guid(9a12ef147b8028a4f9be387aa436ab85) Importer(815301076,1909f56bfc062723c751e8b465ee728b)
Start importing Assets/prefabs/Destructor.prefab using Guid(9a12ef147b8028a4f9be387aa436ab85) Importer(815301076,1909f56bfc062723c751e8b465ee728b)  -> (artifact id: 'ed17964081e5be004b17503075a855f3') in 0.006251 seconds
  Import took 0.009790 seconds .

========================================================================
Received Import Request.
  Time since last request: 39.740711 seconds.
  path: Assets/prefabs/enemigos/enemyRed3.prefab
  artifactKey: Guid(9f5b5a516e74d334ca1fd7ca794d1b4a) Importer(815301076,1909f56bfc062723c751e8b465ee728b)
Start importing Assets/prefabs/enemigos/enemyRed3.prefab using Guid(9f5b5a516e74d334ca1fd7ca794d1b4a) Importer(815301076,1909f56bfc062723c751e8b465ee728b)  -> (artifact id: '19d6e1a521be38ec209d3966676cf3d3') in 0.058792 seconds
  Import took 0.062133 seconds .

========================================================================
Received Import Request.
  Time since last request: 15.454015 seconds.
  path: Assets/prefabs/enemigos/enemyRed3.prefab
  artifactKey: Guid(9f5b5a516e74d334ca1fd7ca794d1b4a) Importer(815301076,1909f56bfc062723c751e8b465ee728b)
Start importing Assets/prefabs/enemigos/enemyRed3.prefab using Guid(9f5b5a516e74d334ca1fd7ca794d1b4a) Importer(815301076,1909f56bfc062723c751e8b465ee728b)  -> (artifact id: '46f4bf9267e4156473ed0212b96c3749') in 0.013111 seconds
  Import took 0.017907 seconds .

========================================================================
Received Import Request.
  Time since last request: 0.000695 seconds.
  path: Assets/prefabs/enemigos/enemyRed3.prefab
  artifactKey: Guid(9f5b5a516e74d334ca1fd7ca794d1b4a) Importer(815301076,1909f56bfc062723c751e8b465ee728b)
Start importing Assets/prefabs/enemigos/enemyRed3.prefab using Guid(9f5b5a516e74d334ca1fd7ca794d1b4a) Importer(815301076,1909f56bfc062723c751e8b465ee728b)  -> (artifact id: '46f4bf9267e4156473ed0212b96c3749') in 0.010791 seconds
  Import took 0.014309 seconds .

========================================================================
Received Import Request.
  Time since last request: 20.468742 seconds.
  path: Assets/Caminos/camino (0).prefab
  artifactKey: Guid(c399f81d3e32f9946a604069183a564f) Importer(815301076,1909f56bfc062723c751e8b465ee728b)
Start importing Assets/Caminos/camino (0).prefab using Guid(c399f81d3e32f9946a604069183a564f) Importer(815301076,1909f56bfc062723c751e8b465ee728b)  -> (artifact id: '1402df8624e1dfb2311c6779b012bc0d') in 0.004783 seconds
  Import took 0.008844 seconds .

========================================================================
Received Import Request.
  Time since last request: 13.891237 seconds.
  path: Assets/Caminos/camino (0).prefab
  artifactKey: Guid(c399f81d3e32f9946a604069183a564f) Importer(815301076,1909f56bfc062723c751e8b465ee728b)
Start importing Assets/Caminos/camino (0).prefab using Guid(c399f81d3e32f9946a604069183a564f) Importer(815301076,1909f56bfc062723c751e8b465ee728b)  -> (artifact id: '4a0d4db63333e3f3d4dfd413e793709f') in 0.004819 seconds
  Import took 0.009067 seconds .

========================================================================
Received Import Request.
  Time since last request: 41.543481 seconds.
  path: Assets/prefabs/enemigos/enemyRed3.prefab
  artifactKey: Guid(9f5b5a516e74d334ca1fd7ca794d1b4a) Importer(815301076,1909f56bfc062723c751e8b465ee728b)
Start importing Assets/prefabs/enemigos/enemyRed3.prefab using Guid(9f5b5a516e74d334ca1fd7ca794d1b4a) Importer(815301076,1909f56bfc062723c751e8b465ee728b)  -> (artifact id: 'c5dfbbc6d2c0ee35fabfdda7bf2280ef') in 0.008390 seconds
  Import took 0.011857 seconds .

========================================================================
Received Import Request.
  Time since last request: 127.694517 seconds.
  path: Assets/Caminos/camino (0).prefab
  artifactKey: Guid(c399f81d3e32f9946a604069183a564f) Importer(815301076,1909f56bfc062723c751e8b465ee728b)
Start importing Assets/Caminos/camino (0).prefab using Guid(c399f81d3e32f9946a604069183a564f) Importer(815301076,1909f56bfc062723c751e8b465ee728b)  -> (artifact id: 'd00ba157b03fda1d3362fc56595069df') in 0.004870 seconds
  Import took 0.008360 seconds .

AssetImportWorkerClient::OnTransportError - code=2 error=End of file
